0 verbose cli D:\programme\nodejs\node.exe D:\programme\nodejs\node_modules\npm\bin\npm-cli.js
1 info using npm@10.9.2
2 info using node@v22.16.0
3 silly config load:file:D:\programme\nodejs\node_modules\npm\npmrc
4 silly config load:file:D:\Documents\Projects\le_seven_website_next\.npmrc
5 silly config load:file:C:\Users\Eddy\.npmrc
6 silly config load:file:C:\Users\Eddy\AppData\Roaming\npm\etc\npmrc
7 verbose title npm install
8 verbose argv "install"
9 verbose logfile logs-max:10 dir:D:\Documents\Projects\le_seven_website_next\npm-cache\_logs\2026-02-19T09_43_02_352Z-
10 verbose logfile D:\Documents\Projects\le_seven_website_next\npm-cache\_logs\2026-02-19T09_43_02_352Z-debug-0.log
11 silly logfile done cleaning log files
12 silly packumentCache heap:4345298944 maxSize:1086324736 maxEntrySize:543162368
13 silly idealTree buildDeps
14 silly reify moves {}
15 silly audit bulk request {
15 silly audit   '@alloc/quick-lru': [ '5.2.0' ],
15 silly audit   '@babel/runtime': [ '7.28.4' ],
15 silly audit   '@emnapi/runtime': [ '1.7.1' ],
15 silly audit   '@img/colour': [ '1.0.0' ],
15 silly audit   '@img/sharp-darwin-arm64': [ '0.34.5' ],
15 silly audit   '@img/sharp-darwin-x64': [ '0.34.5' ],
15 silly audit   '@img/sharp-libvips-darwin-arm64': [ '1.2.4' ],
15 silly audit   '@img/sharp-libvips-darwin-x64': [ '1.2.4' ],
15 silly audit   '@img/sharp-libvips-linux-arm': [ '1.2.4' ],
15 silly audit   '@img/sharp-libvips-linux-arm64': [ '1.2.4' ],
15 silly audit   '@img/sharp-libvips-linux-ppc64': [ '1.2.4' ],
15 silly audit   '@img/sharp-libvips-linux-riscv64': [ '1.2.4' ],
15 silly audit   '@img/sharp-libvips-linux-s390x': [ '1.2.4' ],
15 silly audit   '@img/sharp-libvips-linux-x64': [ '1.2.4' ],
15 silly audit   '@img/sharp-libvips-linuxmusl-arm64': [ '1.2.4' ],
15 silly audit   '@img/sharp-libvips-linuxmusl-x64': [ '1.2.4' ],
15 silly audit   '@img/sharp-linux-arm': [ '0.34.5' ],
15 silly audit   '@img/sharp-linux-arm64': [ '0.34.5' ],
15 silly audit   '@img/sharp-linux-ppc64': [ '0.34.5' ],
15 silly audit   '@img/sharp-linux-riscv64': [ '0.34.5' ],
15 silly audit   '@img/sharp-linux-s390x': [ '0.34.5' ],
15 silly audit   '@img/sharp-linux-x64': [ '0.34.5' ],
15 silly audit   '@img/sharp-linuxmusl-arm64': [ '0.34.5' ],
15 silly audit   '@img/sharp-linuxmusl-x64': [ '0.34.5' ],
15 silly audit   '@img/sharp-wasm32': [ '0.34.5' ],
15 silly audit   '@img/sharp-win32-arm64': [ '0.34.5' ],
15 silly audit   '@img/sharp-win32-ia32': [ '0.34.5' ],
15 silly audit   '@img/sharp-win32-x64': [ '0.34.5' ],
15 silly audit   '@jridgewell/gen-mapping': [ '0.3.13' ],
15 silly audit   '@jridgewell/resolve-uri': [ '3.1.2' ],
15 silly audit   '@jridgewell/sourcemap-codec': [ '1.5.5' ],
15 silly audit   '@jridgewell/trace-mapping': [ '0.3.31' ],
15 silly audit   '@next/env': [ '16.0.7' ],
15 silly audit   '@next/swc-darwin-arm64': [ '16.0.7' ],
15 silly audit   '@next/swc-darwin-x64': [ '16.0.7' ],
15 silly audit   '@next/swc-linux-arm64-gnu': [ '16.0.7' ],
15 silly audit   '@next/swc-linux-arm64-musl': [ '16.0.7' ],
15 silly audit   '@next/swc-linux-x64-gnu': [ '16.0.7' ],
15 silly audit   '@next/swc-linux-x64-musl': [ '16.0.7' ],
15 silly audit   '@next/swc-win32-arm64-msvc': [ '16.0.7' ],
15 silly audit   '@next/swc-win32-x64-msvc': [ '16.0.7' ],
15 silly audit   '@nodelib/fs.scandir': [ '2.1.5' ],
15 silly audit   '@nodelib/fs.stat': [ '2.0.5' ],
15 silly audit   '@nodelib/fs.walk': [ '1.2.8' ],
15 silly audit   '@stablelib/base64': [ '1.0.1' ],
15 silly audit   '@supabase/auth-js': [ '2.97.0' ],
15 silly audit   '@supabase/functions-js': [ '2.97.0' ],
15 silly audit   '@supabase/postgrest-js': [ '2.97.0' ],
15 silly audit   '@supabase/realtime-js': [ '2.97.0' ],
15 silly audit   '@supabase/ssr': [ '0.8.0' ],
15 silly audit   '@supabase/storage-js': [ '2.97.0' ],
15 silly audit   '@supabase/supabase-js': [ '2.97.0' ],
15 silly audit   '@swc/helpers': [ '0.5.15' ],
15 silly audit   '@types/node': [ '24.10.1', '22.19.1' ],
15 silly audit   '@types/phoenix': [ '1.6.7' ],
15 silly audit   '@types/react': [ '19.2.7' ],
15 silly audit   '@types/ws': [ '8.18.1' ],
15 silly audit   'any-promise': [ '1.3.0' ],
15 silly audit   anymatch: [ '3.1.3' ],
15 silly audit   arg: [ '5.0.2' ],
15 silly audit   autoprefixer: [ '10.4.20' ],
15 silly audit   'baseline-browser-mapping': [ '2.9.4' ],
15 silly audit   'binary-extensions': [ '2.3.0' ],
15 silly audit   braces: [ '3.0.3' ],
15 silly audit   browserslist: [ '4.28.1' ],
15 silly audit   'camelcase-css': [ '2.0.1' ],
15 silly audit   'caniuse-lite': [ '1.0.30001759' ],
15 silly audit   chokidar: [ '3.6.0' ],
15 silly audit   'glob-parent': [ '5.1.2', '6.0.2' ],
15 silly audit   'client-only': [ '0.0.1' ],
15 silly audit   commander: [ '4.1.1' ],
15 silly audit   cookie: [ '1.1.1' ],
15 silly audit   cssesc: [ '3.0.0' ],
15 silly audit   csstype: [ '3.2.3' ],
15 silly audit   'detect-libc': [ '2.1.2' ],
15 silly audit   didyoumean: [ '1.2.2' ],
15 silly audit   dlv: [ '1.1.3' ],
15 silly audit   'electron-to-chromium': [ '1.5.266' ],
15 silly audit   'es6-promise': [ '4.2.8' ],
15 silly audit   escalade: [ '3.2.0' ],
15 silly audit   'fast-glob': [ '3.3.3' ],
15 silly audit   'fast-sha256': [ '1.3.0' ],
15 silly audit   fastq: [ '1.19.1' ],
15 silly audit   'fill-range': [ '7.1.1' ],
15 silly audit   'fraction.js': [ '4.3.7' ],
15 silly audit   'framer-motion': [ '12.23.25' ],
15 silly audit   fsevents: [ '2.3.3' ],
15 silly audit   'function-bind': [ '1.1.2' ],
15 silly audit   hasown: [ '2.0.2' ],
15 silly audit   'html-parse-stringify': [ '3.0.1' ],
15 silly audit   i18next: [ '25.7.1' ],
15 silly audit   'i18next-browser-languagedetector': [ '8.2.0' ],
15 silly audit   'iceberg-js': [ '0.8.1' ],
15 silly audit   'is-binary-path': [ '2.1.0' ],
15 silly audit   'is-core-module': [ '2.16.1' ],
15 silly audit   'is-extglob': [ '2.1.1' ],
15 silly audit   'is-glob': [ '4.0.3' ],
15 silly audit   'is-number': [ '7.0.0' ],
15 silly audit   jiti: [ '1.21.7' ],
15 silly audit   lilconfig: [ '3.1.3' ],
15 silly audit   'lines-and-columns': [ '1.2.4' ],
15 silly audit   'lucide-react': [ '0.556.0' ],
15 silly audit   merge2: [ '1.4.1' ],
15 silly audit   micromatch: [ '4.0.8' ],
15 silly audit   'motion-dom': [ '12.23.23' ],
15 silly audit   'motion-utils': [ '12.23.6' ],
15 silly audit   mz: [ '2.7.0' ],
15 silly audit   nanoid: [ '3.3.11' ],
15 silly audit   next: [ '16.0.7' ],
15 silly audit   postcss: [ '8.4.31', '8.4.49' ],
15 silly audit   'node-releases': [ '2.0.27' ],
15 silly audit   'normalize-path': [ '3.0.0' ],
15 silly audit   'normalize-range': [ '0.1.2' ],
15 silly audit   'object-assign': [ '4.1.1' ],
15 silly audit   'object-hash': [ '3.0.0' ],
15 silly audit   'path-parse': [ '1.0.7' ],
15 silly audit   picocolors: [ '1.1.1' ],
15 silly audit   picomatch: [ '2.3.1', '4.0.3' ],
15 silly audit   pify: [ '2.3.0' ],
15 silly audit   pirates: [ '4.0.7' ],
15 silly audit   plaiceholder: [ '3.0.0' ],
15 silly audit   'postcss-import': [ '15.1.0' ],
15 silly audit   'postcss-js': [ '4.1.0' ],
15 silly audit   'postcss-nested': [ '6.2.0' ],
15 silly audit   'postcss-selector-parser': [ '6.1.2' ],
15 silly audit   'postcss-value-parser': [ '4.2.0' ],
15 silly audit   querystringify: [ '2.2.0' ],
15 silly audit   'queue-microtask': [ '1.2.3' ],
15 silly audit   react: [ '19.2.1' ],
15 silly audit   'react-dom': [ '19.2.1' ],
15 silly audit   'react-i18next': [ '16.4.0' ],
15 silly audit   'read-cache': [ '1.0.0' ],
15 silly audit   readdirp: [ '3.6.0' ],
15 silly audit   'requires-port': [ '1.0.0' ],
15 silly audit   resend: [ '6.5.2' ],
15 silly audit   resolve: [ '1.22.11' ],
15 silly audit   reusify: [ '1.1.0' ],
15 silly audit   'run-parallel': [ '1.2.0' ],
15 silly audit   scheduler: [ '0.27.0' ],
15 silly audit   semver: [ '7.7.3' ],
15 silly audit   sharp: [ '0.34.5' ],
15 silly audit   'source-map-js': [ '1.2.1' ],
15 silly audit   'styled-jsx': [ '5.1.6' ],
15 silly audit   sucrase: [ '3.35.1' ],
15 silly audit   'supports-preserve-symlinks-flag': [ '1.0.0' ],
15 silly audit   svix: [ '1.76.1' ],
15 silly audit   'undici-types': [ '6.21.0', '7.16.0' ],
15 silly audit   tailwindcss: [ '3.4.17' ],
15 silly audit   'postcss-load-config': [ '4.0.2' ],
15 silly audit   thenify: [ '3.3.1' ],
15 silly audit   'thenify-all': [ '1.6.0' ],
15 silly audit   tinyglobby: [ '0.2.15' ],
15 silly audit   fdir: [ '6.5.0' ],
15 silly audit   'to-regex-range': [ '5.0.1' ],
15 silly audit   'ts-interface-checker': [ '0.1.13' ],
15 silly audit   tslib: [ '2.8.1' ],
15 silly audit   typescript: [ '5.9.3' ],
15 silly audit   'update-browserslist-db': [ '1.2.2' ],
15 silly audit   'url-parse': [ '1.5.10' ],
15 silly audit   'use-sync-external-store': [ '1.6.0' ],
15 silly audit   'util-deprecate': [ '1.0.2' ],
15 silly audit   uuid: [ '10.0.0' ],
15 silly audit   'void-elements': [ '3.1.0' ],
15 silly audit   ws: [ '8.19.0' ],
15 silly audit   yaml: [ '2.8.2' ]
15 silly audit }
16 verbose reify failed optional dependency D:\Documents\Projects\le_seven_website_next\node_modules\fsevents
17 silly reify mark deleted [
17 silly reify   'D:\\Documents\\Projects\\le_seven_website_next\\node_modules\\fsevents'
17 silly reify ]
18 verbose reify failed optional dependency D:\Documents\Projects\le_seven_website_next\node_modules\@next\swc-win32-arm64-msvc
19 silly reify mark deleted [
19 silly reify   'D:\\Documents\\Projects\\le_seven_website_next\\node_modules\\@next\\swc-win32-arm64-msvc'
19 silly reify ]
20 verbose reify failed optional dependency D:\Documents\Projects\le_seven_website_next\node_modules\@next\swc-linux-x64-musl
21 silly reify mark deleted [
21 silly reify   'D:\\Documents\\Projects\\le_seven_website_next\\node_modules\\@next\\swc-linux-x64-musl'
21 silly reify ]
22 verbose reify failed optional dependency D:\Documents\Projects\le_seven_website_next\node_modules\@next\swc-linux-x64-gnu
23 silly reify mark deleted [
23 silly reify   'D:\\Documents\\Projects\\le_seven_website_next\\node_modules\\@next\\swc-linux-x64-gnu'
23 silly reify ]
24 verbose reify failed optional dependency D:\Documents\Projects\le_seven_website_next\node_modules\@next\swc-linux-arm64-musl
25 silly reify mark deleted [
25 silly reify   'D:\\Documents\\Projects\\le_seven_website_next\\node_modules\\@next\\swc-linux-arm64-musl'
25 silly reify ]
26 verbose reify failed optional dependency D:\Documents\Projects\le_seven_website_next\node_modules\@next\swc-linux-arm64-gnu
27 silly reify mark deleted [
27 silly reify   'D:\\Documents\\Projects\\le_seven_website_next\\node_modules\\@next\\swc-linux-arm64-gnu'
27 silly reify ]
28 verbose reify failed optional dependency D:\Documents\Projects\le_seven_website_next\node_modules\@next\swc-darwin-x64
29 silly reify mark deleted [
29 silly reify   'D:\\Documents\\Projects\\le_seven_website_next\\node_modules\\@next\\swc-darwin-x64'
29 silly reify ]
30 verbose reify failed optional dependency D:\Documents\Projects\le_seven_website_next\node_modules\@next\swc-darwin-arm64
31 silly reify mark deleted [
31 silly reify   'D:\\Documents\\Projects\\le_seven_website_next\\node_modules\\@next\\swc-darwin-arm64'
31 silly reify ]
32 verbose reify failed optional dependency D:\Documents\Projects\le_seven_website_next\node_modules\@img\sharp-win32-ia32
33 silly reify mark deleted [
33 silly reify   'D:\\Documents\\Projects\\le_seven_website_next\\node_modules\\@img\\sharp-win32-ia32'
33 silly reify ]
34 verbose reify failed optional dependency D:\Documents\Projects\le_seven_website_next\node_modules\@img\sharp-win32-arm64
35 silly reify mark deleted [
35 silly reify   'D:\\Documents\\Projects\\le_seven_website_next\\node_modules\\@img\\sharp-win32-arm64'
35 silly reify ]
36 verbose reify failed optional dependency D:\Documents\Projects\le_seven_website_next\node_modules\@img\sharp-wasm32
37 silly reify mark deleted [
37 silly reify   'D:\\Documents\\Projects\\le_seven_website_next\\node_modules\\@img\\sharp-wasm32'
37 silly reify ]
38 verbose reify failed optional dependency D:\Documents\Projects\le_seven_website_next\node_modules\@emnapi\runtime
39 silly reify mark deleted [
39 silly reify   'D:\\Documents\\Projects\\le_seven_website_next\\node_modules\\@emnapi\\runtime'
39 silly reify ]
40 verbose reify failed optional dependency D:\Documents\Projects\le_seven_website_next\node_modules\@img\sharp-linuxmusl-x64
41 silly reify mark deleted [
41 silly reify   'D:\\Documents\\Projects\\le_seven_website_next\\node_modules\\@img\\sharp-linuxmusl-x64'
41 silly reify ]
42 verbose reify failed optional dependency D:\Documents\Projects\le_seven_website_next\node_modules\@img\sharp-linuxmusl-arm64
43 silly reify mark deleted [
43 silly reify   'D:\\Documents\\Projects\\le_seven_website_next\\node_modules\\@img\\sharp-linuxmusl-arm64'
43 silly reify ]
44 verbose reify failed optional dependency D:\Documents\Projects\le_seven_website_next\node_modules\@img\sharp-linux-x64
45 silly reify mark deleted [
45 silly reify   'D:\\Documents\\Projects\\le_seven_website_next\\node_modules\\@img\\sharp-linux-x64'
45 silly reify ]
46 verbose reify failed optional dependency D:\Documents\Projects\le_seven_website_next\node_modules\@img\sharp-linux-s390x
47 silly reify mark deleted [
47 silly reify   'D:\\Documents\\Projects\\le_seven_website_next\\node_modules\\@img\\sharp-linux-s390x'
47 silly reify ]
48 verbose reify failed optional dependency D:\Documents\Projects\le_seven_website_next\node_modules\@img\sharp-linux-riscv64
49 silly reify mark deleted [
49 silly reify   'D:\\Documents\\Projects\\le_seven_website_next\\node_modules\\@img\\sharp-linux-riscv64'
49 silly reify ]
50 verbose reify failed optional dependency D:\Documents\Projects\le_seven_website_next\node_modules\@img\sharp-linux-ppc64
51 silly reify mark deleted [
51 silly reify   'D:\\Documents\\Projects\\le_seven_website_next\\node_modules\\@img\\sharp-linux-ppc64'
51 silly reify ]
52 verbose reify failed optional dependency D:\Documents\Projects\le_seven_website_next\node_modules\@img\sharp-linux-arm64
53 silly reify mark deleted [
53 silly reify   'D:\\Documents\\Projects\\le_seven_website_next\\node_modules\\@img\\sharp-linux-arm64'
53 silly reify ]
54 verbose reify failed optional dependency D:\Documents\Projects\le_seven_website_next\node_modules\@img\sharp-linux-arm
55 silly reify mark deleted [
55 silly reify   'D:\\Documents\\Projects\\le_seven_website_next\\node_modules\\@img\\sharp-linux-arm'
55 silly reify ]
56 verbose reify failed optional dependency D:\Documents\Projects\le_seven_website_next\node_modules\@img\sharp-libvips-linuxmusl-x64
57 silly reify mark deleted [
57 silly reify   'D:\\Documents\\Projects\\le_seven_website_next\\node_modules\\@img\\sharp-libvips-linuxmusl-x64'
57 silly reify ]
58 verbose reify failed optional dependency D:\Documents\Projects\le_seven_website_next\node_modules\@img\sharp-libvips-linuxmusl-arm64
59 silly reify mark deleted [
59 silly reify   'D:\\Documents\\Projects\\le_seven_website_next\\node_modules\\@img\\sharp-libvips-linuxmusl-arm64'
59 silly reify ]
60 verbose reify failed optional dependency D:\Documents\Projects\le_seven_website_next\node_modules\@img\sharp-libvips-linux-x64
61 silly reify mark deleted [
61 silly reify   'D:\\Documents\\Projects\\le_seven_website_next\\node_modules\\@img\\sharp-libvips-linux-x64'
61 silly reify ]
62 verbose reify failed optional dependency D:\Documents\Projects\le_seven_website_next\node_modules\@img\sharp-libvips-linux-s390x
63 silly reify mark deleted [
63 silly reify   'D:\\Documents\\Projects\\le_seven_website_next\\node_modules\\@img\\sharp-libvips-linux-s390x'
63 silly reify ]
64 verbose reify failed optional dependency D:\Documents\Projects\le_seven_website_next\node_modules\@img\sharp-libvips-linux-riscv64
65 silly reify mark deleted [
65 silly reify   'D:\\Documents\\Projects\\le_seven_website_next\\node_modules\\@img\\sharp-libvips-linux-riscv64'
65 silly reify ]
66 verbose reify failed optional dependency D:\Documents\Projects\le_seven_website_next\node_modules\@img\sharp-libvips-linux-ppc64
67 silly reify mark deleted [
67 silly reify   'D:\\Documents\\Projects\\le_seven_website_next\\node_modules\\@img\\sharp-libvips-linux-ppc64'
67 silly reify ]
68 verbose reify failed optional dependency D:\Documents\Projects\le_seven_website_next\node_modules\@img\sharp-libvips-linux-arm64
69 silly reify mark deleted [
69 silly reify   'D:\\Documents\\Projects\\le_seven_website_next\\node_modules\\@img\\sharp-libvips-linux-arm64'
69 silly reify ]
70 verbose reify failed optional dependency D:\Documents\Projects\le_seven_website_next\node_modules\@img\sharp-libvips-linux-arm
71 silly reify mark deleted [
71 silly reify   'D:\\Documents\\Projects\\le_seven_website_next\\node_modules\\@img\\sharp-libvips-linux-arm'
71 silly reify ]
72 verbose reify failed optional dependency D:\Documents\Projects\le_seven_website_next\node_modules\@img\sharp-libvips-darwin-x64
73 silly reify mark deleted [
73 silly reify   'D:\\Documents\\Projects\\le_seven_website_next\\node_modules\\@img\\sharp-libvips-darwin-x64'
73 silly reify ]
74 verbose reify failed optional dependency D:\Documents\Projects\le_seven_website_next\node_modules\@img\sharp-libvips-darwin-arm64
75 silly reify mark deleted [
75 silly reify   'D:\\Documents\\Projects\\le_seven_website_next\\node_modules\\@img\\sharp-libvips-darwin-arm64'
75 silly reify ]
76 verbose reify failed optional dependency D:\Documents\Projects\le_seven_website_next\node_modules\@img\sharp-darwin-x64
77 silly reify mark deleted [
77 silly reify   'D:\\Documents\\Projects\\le_seven_website_next\\node_modules\\@img\\sharp-darwin-x64'
77 silly reify ]
78 verbose reify failed optional dependency D:\Documents\Projects\le_seven_website_next\node_modules\@img\sharp-darwin-arm64
79 silly reify mark deleted [
79 silly reify   'D:\\Documents\\Projects\\le_seven_website_next\\node_modules\\@img\\sharp-darwin-arm64'
79 silly reify ]
80 http cache @emnapi/runtime@https://registry.npmjs.org/@emnapi/runtime/-/runtime-1.7.1.tgz 1ms (cache hit)
81 http fetch POST 200 https://registry.npmjs.org/-/npm/v1/security/advisories/bulk 645ms
82 silly audit report {
82 silly audit report   next: [
82 silly audit report     {
82 silly audit report       id: 1111374,
82 silly audit report       url: 'https://github.com/advisories/GHSA-w37m-7fhw-fmv9',
82 silly audit report       title: 'Next Server Actions Source Code Exposure ',
82 silly audit report       severity: 'moderate',
82 silly audit report       vulnerable_versions: '>=16.0.0-beta.0 <16.0.9',
82 silly audit report       cwe: [Array],
82 silly audit report       cvss: [Object]
82 silly audit report     },
82 silly audit report     {
82 silly audit report       id: 1111383,
82 silly audit report       url: 'https://github.com/advisories/GHSA-mwv6-3258-q52c',
82 silly audit report       title: 'Next Vulnerable to Denial of Service with Server Components',
82 silly audit report       severity: 'high',
82 silly audit report       vulnerable_versions: '>=16.0.0-beta.0 <16.0.9',
82 silly audit report       cwe: [Array],
82 silly audit report       cvss: [Object]
82 silly audit report     },
82 silly audit report     {
82 silly audit report       id: 1112592,
82 silly audit report       url: 'https://github.com/advisories/GHSA-9g9p-9gw9-jx7f',
82 silly audit report       title: 'Next.js self-hosted applications vulnerable to DoS via Image Optimizer remotePatterns configuration',
82 silly audit report       severity: 'moderate',
82 silly audit report       vulnerable_versions: '>=15.6.0-canary.0 <16.1.5',
82 silly audit report       cwe: [Array],
82 silly audit report       cvss: [Object]
82 silly audit report     },
82 silly audit report     {
82 silly audit report       id: 1112646,
82 silly audit report       url: 'https://github.com/advisories/GHSA-h25m-26qc-wcjf',
82 silly audit report       title: 'Next.js HTTP request deserialization can lead to DoS when using insecure React Server Components',
82 silly audit report       severity: 'high',
82 silly audit report       vulnerable_versions: '>=16.0.0-beta.0 <16.0.11',
82 silly audit report       cwe: [Array],
82 silly audit report       cvss: [Object]
82 silly audit report     },
82 silly audit report     {
82 silly audit report       id: 1112990,
82 silly audit report       url: 'https://github.com/advisories/GHSA-5f7q-jpqc-wp7h',
82 silly audit report       title: 'Next.js has Unbounded Memory Consumption via PPR Resume Endpoint ',
82 silly audit report       severity: 'moderate',
82 silly audit report       vulnerable_versions: '>=16.0.0-beta.0 <16.1.5',
82 silly audit report       cwe: [Array],
82 silly audit report       cvss: [Object]
82 silly audit report     }
82 silly audit report   ]
82 silly audit report }
83 silly packumentCache corgi:https://registry.npmjs.org/next cache-miss
84 http fetch GET 200 https://registry.npmjs.org/next 1089ms (cache updated)
85 silly packumentCache corgi:https://registry.npmjs.org/next set size:undefined disposed:false
86 silly ADD
87 silly ADD
88 silly ADD
89 silly ADD
90 silly ADD
91 silly ADD
92 silly ADD
93 silly ADD
94 silly ADD
95 silly ADD
96 silly ADD
97 silly ADD
98 silly ADD
99 silly ADD
100 silly ADD
101 silly ADD
102 silly ADD
103 silly ADD
104 silly ADD
105 silly ADD
106 silly ADD
107 silly ADD
108 silly ADD
109 silly ADD
110 silly ADD
111 silly ADD
112 silly ADD
113 silly ADD
114 silly ADD
115 silly ADD
116 silly ADD
117 silly ADD
118 verbose cwd D:\Documents\Projects\le_seven_website_next
119 verbose os Windows_NT 10.0.22000
120 verbose node v22.16.0
121 verbose npm  v10.9.2
122 verbose exit 0
123 info ok
